[debug] [2026-06-26T17:19:09.418Z] ----------------------------------------------------------------------
[debug] [2026-06-26T17:19:09.426Z] Command:       /usr/local/bin/firebase /Users/mouradbenosman/.cache/firebase/tools/lib/node_modules/firebase-tools/lib/bin/firebase deploy --only hosting --project bendimerad2026
[debug] [2026-06-26T17:19:09.427Z] CLI Version:   14.24.0
[debug] [2026-06-26T17:19:09.427Z] Platform:      darwin
[debug] [2026-06-26T17:19:09.427Z] Node Version:  v20.18.2
[debug] [2026-06-26T17:19:09.427Z] Time:          Fri Jun 26 2026 18:19:09 GMT+0100 (Central European Standard Time)
[debug] [2026-06-26T17:19:09.427Z] ----------------------------------------------------------------------
[debug] 
[debug] [2026-06-26T17:19:09.613Z] > command requires scopes: ["email","openid","https://www.googleapis.com/auth/cloudplatformprojects.readonly","https://www.googleapis.com/auth/firebase","https://www.googleapis.com/auth/cloud-platform"]
[debug] [2026-06-26T17:19:09.615Z] > authorizing via signed-in user (mourad.benosmane@gmail.com)
[debug] [2026-06-26T17:19:09.615Z] [iam] checking project bendimerad2026 for permissions ["firebase.projects.get","firebasehosting.sites.update"]
[debug] [2026-06-26T17:19:09.618Z] Checked if tokens are valid: false, expires at: 1782487524760
[debug] [2026-06-26T17:19:09.619Z] Checked if tokens are valid: false, expires at: 1782487524760
[debug] [2026-06-26T17:19:09.619Z] > refreshing access token with scopes: []
[debug] [2026-06-26T17:19:09.622Z] >>> [apiv2][query] POST https://www.googleapis.com/oauth2/v3/token [none]
[debug] [2026-06-26T17:19:09.622Z] >>> [apiv2][body] POST https://www.googleapis.com/oauth2/v3/token [omitted]
[debug] [2026-06-26T17:19:09.697Z] *** [apiv2] error from fetch(https://www.googleapis.com/oauth2/v3/token, {"headers":{},"method":"POST","body":{"_overheadLength":545,"_valueLength":212,"_valuesToMeasure":[],"writable":false,"readable":true,"dataSize":0,"maxDataSize":2097152,"pauseStreams":true,"_released":true,"_streams":[],"_currentStream":null,"_insideLoop":false,"_pendingNext":false,"_boundary":"--------------------------92f58e39ce727068446d0811","_events":{},"_eventsCount":1}}): FetchError: request to https://www.googleapis.com/oauth2/v3/token failed, reason: getaddrinfo ENOTFOUND www.googleapis.com
[error] Authentication Error: Your credentials are no longer valid. Please run firebase login --reauth

For CI servers and headless environments, generate a new token with firebase login:ci
[debug] [2026-06-26T17:19:09.698Z] [iam] error while checking permissions, command may fail: Authentication Error: Your credentials are no longer valid. Please run firebase login --reauth

For CI servers and headless environments, generate a new token with firebase login:ci
[debug] [2026-06-26T17:19:09.698Z] Checked if tokens are valid: false, expires at: 1782487524760
[debug] [2026-06-26T17:19:09.699Z] Checked if tokens are valid: false, expires at: 1782487524760
[debug] [2026-06-26T17:19:09.699Z] > refreshing access token with scopes: []
[debug] [2026-06-26T17:19:09.699Z] >>> [apiv2][query] POST https://www.googleapis.com/oauth2/v3/token [none]
[debug] [2026-06-26T17:19:09.700Z] >>> [apiv2][body] POST https://www.googleapis.com/oauth2/v3/token [omitted]
[debug] [2026-06-26T17:19:09.723Z] *** [apiv2] error from fetch(https://www.googleapis.com/oauth2/v3/token, {"headers":{},"method":"POST","body":{"_overheadLength":545,"_valueLength":212,"_valuesToMeasure":[],"writable":false,"readable":true,"dataSize":0,"maxDataSize":2097152,"pauseStreams":true,"_released":true,"_streams":[],"_currentStream":null,"_insideLoop":false,"_pendingNext":false,"_boundary":"--------------------------5b86e65ae1b6cfb52d403f06","_events":{},"_eventsCount":1}}): FetchError: request to https://www.googleapis.com/oauth2/v3/token failed, reason: getaddrinfo ENOTFOUND www.googleapis.com
[error] Authentication Error: Your credentials are no longer valid. Please run firebase login --reauth

For CI servers and headless environments, generate a new token with firebase login:ci
[debug] [2026-06-26T17:19:09.723Z] Authentication Error: Your credentials are no longer valid. Please run firebase login --reauth

For CI servers and headless environments, generate a new token with firebase login:ci
[error] 
[error] Error: Assertion failed: resolving hosting target of a site with no site name or target name. This should have caused an error earlier
